Traceback (most recent call last):
  File "/root/2503/gps/main.py", line 61, in <module>
    s.bind((HOST, PORT))
  File "/usr/lib/python2.7/socket.py", line 224, in meth
    return getattr(self._sock,name)(*args)
socket.error: [Errno 98] Address already in use
Server start at: :8100
wait for connection...
Connected by  ('112.97.54.132', 50846)
Connected by  ('112.97.61.4', 15927)
7e7e232355544e02000104010108451600b60001000650524c7555550005000102a0950006000102030405000400060401010845165140000806c9c6e0015866304e21000200004e220002000051a60002000051ac00020000a09800010051a90002000051ab000201a1b010000155b01200040000170eb0a2000101b0a800040000000a55510009000c0b00000000000055520009000000304d0232117655530009ffffffffffff00000000060001030007000279de
INFO: star_char-7e7e, version-23235554, action-4e02, pack_times-0001
HEX LBS 2x2L - X-Y: 01586630, 06c9c6e0
DEC LBS 2x2L - X-Y: 113.886944, 22.570544
HEX DATE 3L- Y-N-D: 040101
HEX TIME 3L - H-M-S: 084516
HEX pro_ID 3L: 000102030405
HEX user_SN 3L: 50524c755555
seccessfully write to html
7e7e232355544e02000204010108452700b60001000650524c7555550005000102a0950006000102030405000400060401010845275140000806c9c6e0015866304e21000200004e220002000051a60002000051ac00020000a09800010051a90002000051ab000201a1b010000155b01200040000171ab0a2000101b0a800040000000a55510009000c0b00000000000055520009000000304d0232117655530009ffffffffffff00000000060001030007000269f7
INFO: star_char-7e7e, version-23235554, action-4e02, pack_times-0002
HEX LBS 2x2L - X-Y: 01586630, 06c9c6e0
DEC LBS 2x2L - X-Y: 113.886944, 22.570544
HEX DATE 3L- Y-N-D: 040101
HEX TIME 3L - H-M-S: 084527
HEX pro_ID 3L: 000102030405
HEX user_SN 3L: 50524c755555
seccessfully write to html
7e7e232355544e02000304010108454600b60001000650524c7555550005000102a0950006000102030405000400060401010845465140000806c9c6e0015866304e21000200004e220002000051a60002000051ac00020000a09800011f51a90002000051ab00020183b010000155b01200040000172cb0a2000101b0a800040000000a55510009000c0b00000000000055520009000000304d0232117655530009ffffffffffff000000000600010300070002579f
INFO: star_char-7e7e, version-23235554, action-4e02, pack_times-0003
HEX LBS 2x2L - X-Y: 01586630, 06c9c6e0
DEC LBS 2x2L - X-Y: 113.886944, 22.570544
HEX DATE 3L- Y-N-D: 040101
HEX TIME 3L - H-M-S: 084546
HEX pro_ID 3L: 000102030405
HEX user_SN 3L: 50524c755555
seccessfully write to html
7e7e232355544e02000404010108460400b60001000650524c7555550005000102a0950006000102030405000400060401010846045140000806c9c6e0015866304e21000200004e220002000051a60002000051ac00020000a09800011f51a90002000051ab000201a0b010000155b01200040000173fb0a2000101b0a800040000000a55510009000c0b00000000000055520009000000304d0232117655530009ffffffffffff0000000006000103000700021507
INFO: star_char-7e7e, version-23235554, action-4e02, pack_times-0004
HEX LBS 2x2L - X-Y: 01586630, 06c9c6e0
DEC LBS 2x2L - X-Y: 113.886944, 22.570544
HEX DATE 3L- Y-N-D: 040101
HEX TIME 3L - H-M-S: 084604
HEX pro_ID 3L: 000102030405
HEX user_SN 3L: 50524c755555
seccessfully write to html
7e7e232355544e02000504010108461900b60001000650524c7555550005000102a0950006000102030405000400060401010846195140000806c9c6e0015866304e21000200004e220002000051a60002000051ac00020000a09800011f51a90002000051ab00020199b010000155b01200040000174eb0a2000101b0a800040000000a55510009000c0b00000000000055520009000000304d0232117655530009ffffffffffff000000000600010300070002cf3d
INFO: star_char-7e7e, version-23235554, action-4e02, pack_times-0005
HEX LBS 2x2L - X-Y: 01586630, 06c9c6e0
DEC LBS 2x2L - X-Y: 113.886944, 22.570544
HEX DATE 3L- Y-N-D: 040101
HEX TIME 3L - H-M-S: 084619
HEX pro_ID 3L: 000102030405
HEX user_SN 3L: 50524c755555
seccessfully write to html
7e7e232355544e02000604010108463100b60001000650524c7555550005000102a0950006000102030405000400060401010846315140000806c9c6e0015866304e21000200004e220002000051a60002000051ac00020000a09800011f51a90002000051ab000201a1b010000155b01200040000175ab0a2000101b0a800040000000a55510009000c0b00000000000055520009000000304d0232117655530009ffffffffffff00000000060001030007000281eb
INFO: star_char-7e7e, version-23235554, action-4e02, pack_times-0006
HEX LBS 2x2L - X-Y: 01586630, 06c9c6e0
DEC LBS 2x2L - X-Y: 113.886944, 22.570544
HEX DATE 3L- Y-N-D: 040101
HEX TIME 3L - H-M-S: 084631
HEX pro_ID 3L: 000102030405
HEX user_SN 3L: 50524c755555
seccessfully write to html
7e7e232355544e02000704010108464300b60001000650524c